{"name": "test_CBAS001_chat_basic_fail_example", "status": "failed", "statusDetails": {"message": "AssertionError: ❌ 실패 유도: response_text 안에 특정 문자열이 없습니다!\nassert '이 문자열은 절대 포함되지 않음' in '오늘 서울의 날씨는 맑으며, 최고기온은 약 14℃, 최저기온은 4℃입니다'", "trace": "driver = <selenium.webdriver.chrome.webdriver.WebDriver (session=\"c4f35556a43026e71fd6a5c29eb3799d\")>\nlogin = <src.pages.login_page.LoginPage object at 0x10797a7b0>, send_test_message = <function send_test_message.<locals>._create_chat at 0x1079ba700>\n\n    def test_CBAS001_chat_basic_fail_example(driver, login, send_test_message):\n    \n        # 질문 전송\n        send_test_message(\"오늘 서울 날씨 어때?\")\n        print(\"질문 전송!\")\n    \n        # 응답 대기\n        WebDriverWait(driver, 5).until(\n            EC.presence_of_element_located(\n                (By.CSS_SELECTOR, \"div[data-step-type='assistant_message'] .message-content\")\n            )\n        )\n    \n        response_box = driver.find_element(\n            By.CSS_SELECTOR,\n            \"div[data-step-type='assistant_message'] .message-content\"\n        )\n        response_text = response_box.get_attribute(\"innerText\")\n    \n        print(\"응답 내용:\", response_text)\n    \n        # 여기서 **일부러 실패** 만들기\n>       assert \"이 문자열은 절대 포함되지 않음\" in response_text, \\\n            \"❌ 실패 유도: response_text 안에 특정 문자열이 없습니다!\"\nE       AssertionError: ❌ 실패 유도: response_text 안에 특정 문자열이 없습니다!\nE       assert '이 문자열은 절대 포함되지 않음' in '오늘 서울의 날씨는 맑으며, 최고기온은 약 14℃, 최저기온은 4℃입니다'\n\ntests/test_chat_basic_fail_example.py:29: AssertionError"}, "attachments": [{"name": "test_CBAS001_chat_basic_fail_example_16-03-31", "source": "57206431-e5a5-416e-ba41-87ef308f6a51-attachment.png", "type": "image/png"}, {"name": "stdout", "source": "88f378cb-bb4d-4dde-ad91-c8816e93a2db-attachment.txt", "type": "text/plain"}], "start": 1763363003314, "stop": 1763363011002, "uuid": "24cd049d-079e-4853-91a5-c36068901f04", "historyId": "4400381d6de495d3cfb292cdfabb5e81", "testCaseId": "4400381d6de495d3cfb292cdfabb5e81", "fullName": "project_root.tests.test_chat_basic_fail_example#test_CBAS001_chat_basic_fail_example", "labels": [{"name": "parentSuite", "value": "project_root.tests"}, {"name": "suite", "value": "test_chat_basic_fail_example"}, {"name": "host", "value": "Yujunui-MacBookPro.local"}, {"name": "thread", "value": "25597-MainThread"}, {"name": "framework", "value": "pytest"}, {"name": "language", "value": "cpython3"}, {"name": "package", "value": "project_root.tests.test_chat_basic_fail_example"}], "titlePath": ["project_root", "tests", "test_chat_basic_fail_example.py"]}